[20Sept2024 22:23:08.176] [main/INFO] [cpw.mods.modlauncher.Launcher/MODLAUNCHER]: ModLauncher running: args [--launchTarget, forgeclientuserdev, --version, 21.0.167, --assetIndex, 17, --assetsDir, C:\\Users\\sreek\\.gradle\\caches\\neoformruntime\\assets, --gameDir, ., --fml.neoForgeVersion, 21.0.167, --fml.fmlVersion, 4.0.23, --fml.mcVersion, 1.21, --fml.neoFormVersion, 20240613.152323]
[20Sept2024 22:23:08.185] [main/INFO] [cpw.mods.modlauncher.Launcher/MODLAUNCHER]: JVM identified as Eclipse Adoptium OpenJDK 64-Bit Server VM 21.0.3+9-LTS
[20Sept2024 22:23:08.187] [main/INFO] [cpw.mods.modlauncher.Launcher/MODLAUNCHER]: ModLauncher 11.0.4+main.d2e20e43 starting: java version 21.0.3 by Eclipse Adoptium; OS Windows 11 arch amd64 version 10.0
[20Sept2024 22:23:08.655] [main/INFO] [net.neoforged.fml.loading.ImmediateWindowHandler/]: Loading ImmediateWindowProvider fmlearlywindow
[20Sept2024 22:23:09.042] [main/INFO] [EARLYDISPLAY/]: Trying GL version 4.6
[20Sept2024 22:23:09.602] [main/INFO] [EARLYDISPLAY/]: Requested GL version 4.6 got version 4.6
[20Sept2024 22:23:10.056] [main/INFO] [mixin/]: SpongePowered MIXIN Subsystem Version=0.8.6 Source=union:/C:/Users/sreek/.gradle/caches/modules-2/files-2.1/net.fabricmc/sponge-mixin/0.14.0+mixin.0.8.6/c265173c84346e9e5d42a2384b2b02bd39a4a899/sponge-mixin-0.14.0+mixin.0.8.6.jar%23131!/ Service=ModLauncher Env=CLIENT
[20Sept2024 22:23:10.903] [pool-2-thread-1/INFO] [EARLYDISPLAY/]: GL info: Intel(R) UHD Graphics GL version 4.6.0 - Build 31.0.101.5186, Intel
[20Sept2024 22:23:11.905] [main/INFO] [net.neoforged.fml.loading.moddiscovery.locators.JarInJarDependencyLocator/]: Found 1 dependencies adding them to mods collection
[20Sept2024 22:23:12.892] [main/INFO] [net.neoforged.fml.loading.FMLServiceProvider/CORE]: Loading coremod script-engine for [neoforge]
[20Sept2024 22:23:19.345] [main/INFO] [cpw.mods.modlauncher.LaunchServiceHandler/MODLAUNCHER]: Launching target 'forgeclientuserdev' with arguments [--version, 21.0.167, --gameDir, ., --assetsDir, C:\Users\sreek\.gradle\caches\neoformruntime\assets, --assetIndex, 17]
[20Sept2024 22:23:19.698] [main/WARN] [mixin/]: Reference map 'bloodalchemyandrituals.refmap.json' for bloodalchemyandrituals.mixins.json could not be read. If this is a development environment you can ignore this message
[20Sept2024 22:23:37.477] [pool-7-thread-1/INFO] [MixinExtras|Service/]: Initializing MixinExtras via com.llamalad7.mixinextras.service.MixinExtrasServiceImpl(version=0.3.5).
[20Sept2024 22:23:40.490] [Datafixer Bootstrap/INFO] [com.mojang.datafixers.DataFixerBuilder/]: 229 Datafixer optimizations took 8282 milliseconds
[20Sept2024 22:24:01.274] [main/WARN] [net.minecraft.commands.Commands/]: Ambiguity between arguments [teleport, location] and [teleport, destination] with inputs: [0.1 -0.5 .9, 0 0 0]
[20Sept2024 22:24:01.280] [main/WARN] [net.minecraft.commands.Commands/]: Ambiguity between arguments [teleport, location] and [teleport, targets] with inputs: [0.1 -0.5 .9, 0 0 0]
[20Sept2024 22:24:01.292] [main/WARN] [net.minecraft.commands.Commands/]: Ambiguity between arguments [teleport, destination] and [teleport, targets] with inputs: [Player, 0123, @e, dd12be42-52a9-4a91-a8a1-11c01849e498]
[20Sept2024 22:24:01.299] [main/WARN] [net.minecraft.commands.Commands/]: Ambiguity between arguments [teleport, targets] and [teleport, destination] with inputs: [Player, 0123, dd12be42-52a9-4a91-a8a1-11c01849e498]
[20Sept2024 22:24:01.302] [main/WARN] [net.minecraft.commands.Commands/]: Ambiguity between arguments [teleport, targets, location] and [teleport, targets, destination] with inputs: [0.1 -0.5 .9, 0 0 0]
[20Sept2024 22:24:02.350] [Render thread/WARN] [net.minecraft.server.packs.VanillaPackResourcesBuilder/]: Assets URL 'union:/D:/Programming/Mods-2/BloodAlchemyAndRituals/build/moddev/artifacts/neoforge-21.0.167-minecraft-merged.jar%23183!/assets/.mcassetsroot' uses unexpected schema
[20Sept2024 22:24:02.352] [Render thread/WARN] [net.minecraft.server.packs.VanillaPackResourcesBuilder/]: Assets URL 'union:/D:/Programming/Mods-2/BloodAlchemyAndRituals/build/moddev/artifacts/neoforge-21.0.167-minecraft-merged.jar%23183!/data/.mcassetsroot' uses unexpected schema
[20Sept2024 22:24:02.505] [Render thread/INFO] [com.mojang.authlib.yggdrasil.YggdrasilAuthenticationService/]: Environment: Environment[sessionHost=https://sessionserver.mojang.com, servicesHost=https://api.minecraftservices.com, name=PROD]
[20Sept2024 22:24:02.544] [Render thread/INFO] [net.minecraft.client.Minecraft/]: Setting user: Dev
[20Sept2024 22:24:03.080] [Render thread/INFO] [net.minecraft.client.Minecraft/]: Backend library: LWJGL version 3.3.3+5
[20Sept2024 22:24:07.066] [modloading-worker-0/INFO] [net.neoforged.neoforge.common.NeoForgeMod/NEOFORGE-MOD]: NeoForge mod loading, version 21.0.167, for MC 1.21
[20Sept2024 22:24:11.152] [Render thread/INFO] [net.neoforged.neoforge.gametest.GameTestHooks/]: Enabled Gametest Namespaces: [bloodalchemyandrituals]
[20Sept2024 22:24:11.691] [Render thread/INFO] [net.minecraft.server.packs.resources.ReloadableResourceManager/]: Reloading ResourceManager: vanilla, mod_resources, mod/bloodalchemyandrituals, mod/neoforge
[20Sept2024 22:24:12.863] [Worker-Main-1/INFO] [net.minecraft.client.gui.font.providers.UnihexProvider/]: Found unifont_all_no_pua-15.1.05.hex, loading
[20Sept2024 22:24:15.272] [Worker-Main-3/INFO] [net.minecraft.client.gui.font.providers.UnihexProvider/]: Found unifont_jp_patch-15.1.05.hex, loading
[20Sept2024 22:24:15.299] [Worker-Main-4/ERROR] [net.minecraft.client.resources.model.ModelManager/]: Failed to load model bloodalchemyandrituals:models/block/skull_block.json
java.util.NoSuchElementException: No value present
	at java.base/java.util.Optional.orElseThrow(Optional.java:377) ~[?:?]
	at TRANSFORMER/neoforge@21.0.167/net.neoforged.neoforge.client.model.obj.ObjLoader.lambda$loadModel$0(ObjLoader.java:60) ~[neoforge-21.0.167-minecraft-merged.jar%23184!/:?]
	at java.base/java.util.concurrent.ConcurrentHashMap.computeIfAbsent(ConcurrentHashMap.java:1708) ~[?:?]
	at TRANSFORMER/neoforge@21.0.167/net.neoforged.neoforge.client.model.obj.ObjLoader.loadModel(ObjLoader.java:59) ~[neoforge-21.0.167-minecraft-merged.jar%23184!/:?]
	at TRANSFORMER/neoforge@21.0.167/net.neoforged.neoforge.client.model.obj.ObjLoader.read(ObjLoader.java:55) ~[neoforge-21.0.167-minecraft-merged.jar%23184!/:?]
	at TRANSFORMER/neoforge@21.0.167/net.neoforged.neoforge.client.model.obj.ObjLoader.read(ObjLoader.java:28) ~[neoforge-21.0.167-minecraft-merged.jar%23184!/:?]
	at TRANSFORMER/neoforge@21.0.167/net.neoforged.neoforge.client.model.ExtendedBlockModelDeserializer.deserializeGeometry(ExtendedBlockModelDeserializer.java:105) ~[neoforge-21.0.167-minecraft-merged.jar%23184!/:?]
	at TRANSFORMER/neoforge@21.0.167/net.neoforged.neoforge.client.model.ExtendedBlockModelDeserializer.deserialize(ExtendedBlockModelDeserializer.java:53) ~[neoforge-21.0.167-minecraft-merged.jar%23184!/:?]
	at TRANSFORMER/neoforge@21.0.167/net.neoforged.neoforge.client.model.ExtendedBlockModelDeserializer.deserialize(ExtendedBlockModelDeserializer.java:37) ~[neoforge-21.0.167-minecraft-merged.jar%23184!/:?]
	at MC-BOOTSTRAP/com.google.gson@2.10.1/com.google.gson.internal.bind.TreeTypeAdapter.read(TreeTypeAdapter.java:76) ~[gson-2.10.1.jar%23103!/:?]
	at TRANSFORMER/minecraft@1.21/net.minecraft.util.GsonHelper.fromNullableJson(GsonHelper.java:507) ~[neoforge-21.0.167-minecraft-merged.jar%23183!/:?]
	at TRANSFORMER/minecraft@1.21/net.minecraft.util.GsonHelper.fromJson(GsonHelper.java:514) ~[neoforge-21.0.167-minecraft-merged.jar%23183!/:?]
	at TRANSFORMER/minecraft@1.21/net.minecraft.util.GsonHelper.fromJson(GsonHelper.java:566) ~[neoforge-21.0.167-minecraft-merged.jar%23183!/:?]
	at TRANSFORMER/minecraft@1.21/net.minecraft.client.renderer.block.model.BlockModel.fromStream(BlockModel.java:83) ~[neoforge-21.0.167-minecraft-merged.jar%23183!/:?]
	at TRANSFORMER/minecraft@1.21/net.minecraft.client.resources.model.ModelManager.lambda$loadBlockModels$8(ModelManager.java:143) ~[neoforge-21.0.167-minecraft-merged.jar%23183!/:?]
	at java.base/java.util.concurrent.CompletableFuture$AsyncSupply.run(CompletableFuture.java:1768) [?:?]
	at java.base/java.util.concurrent.CompletableFuture$AsyncSupply.exec(CompletableFuture.java:1760) [?:?]
	at java.base/java.util.concurrent.ForkJoinTask.doExec(ForkJoinTask.java:387) [?:?]
	at java.base/java.util.concurrent.ForkJoinPool$WorkQueue.topLevelExec(ForkJoinPool.java:1312) [?:?]
	at java.base/java.util.concurrent.ForkJoinPool.scan(ForkJoinPool.java:1843) [?:?]
	at java.base/java.util.concurrent.ForkJoinPool.runWorker(ForkJoinPool.java:1808) [?:?]
	at java.base/java.util.concurrent.ForkJoinWorkerThread.run(ForkJoinWorkerThread.java:188) [?:?]
[20Sept2024 22:24:22.450] [Worker-Main-3/WARN] [net.minecraft.client.resources.model.ModelBakery/]: Unable to load model: 'bloodalchemyandrituals:block/skull_block' referenced from: bloodalchemyandrituals:block/skull_block: java.io.FileNotFoundException: bloodalchemyandrituals:models/block/skull_block.json
[20Sept2024 22:24:22.456] [Worker-Main-3/WARN] [net.minecraft.client.resources.model.BlockStateModelLoader/]: Exception loading blockstate definition: 'bloodalchemyandrituals:blockstates/ritual_altar.json' missing model for variant: 'bloodalchemyandrituals:ritual_altar#facing=east'
[20Sept2024 22:24:22.456] [Worker-Main-3/WARN] [net.minecraft.client.resources.model.BlockStateModelLoader/]: Exception loading blockstate definition: 'bloodalchemyandrituals:blockstates/ritual_altar.json' missing model for variant: 'bloodalchemyandrituals:ritual_altar#facing=west'
[20Sept2024 22:24:22.456] [Worker-Main-3/WARN] [net.minecraft.client.resources.model.BlockStateModelLoader/]: Exception loading blockstate definition: 'bloodalchemyandrituals:blockstates/ritual_altar.json' missing model for variant: 'bloodalchemyandrituals:ritual_altar#facing=south'
[20Sept2024 22:24:22.456] [Worker-Main-3/WARN] [net.minecraft.client.resources.model.BlockStateModelLoader/]: Exception loading blockstate definition: 'bloodalchemyandrituals:blockstates/ritual_altar.json' missing model for variant: 'bloodalchemyandrituals:ritual_altar#facing=north'
[20Sept2024 22:24:22.460] [Worker-Main-3/WARN] [net.minecraft.client.resources.model.BlockStateModelLoader/]: Exception loading blockstate definition: 'bloodalchemyandrituals:blockstates/blood_block.json' missing model for variant: 'bloodalchemyandrituals:blood_block#level=4'
[20Sept2024 22:24:22.460] [Worker-Main-3/WARN] [net.minecraft.client.resources.model.BlockStateModelLoader/]: Exception loading blockstate definition: 'bloodalchemyandrituals:blockstates/blood_block.json' missing model for variant: 'bloodalchemyandrituals:blood_block#level=3'
[20Sept2024 22:24:22.460] [Worker-Main-3/WARN] [net.minecraft.client.resources.model.BlockStateModelLoader/]: Exception loading blockstate definition: 'bloodalchemyandrituals:blockstates/blood_block.json' missing model for variant: 'bloodalchemyandrituals:blood_block#level=2'
[20Sept2024 22:24:22.460] [Worker-Main-3/WARN] [net.minecraft.client.resources.model.BlockStateModelLoader/]: Exception loading blockstate definition: 'bloodalchemyandrituals:blockstates/blood_block.json' missing model for variant: 'bloodalchemyandrituals:blood_block#level=1'
[20Sept2024 22:24:22.460] [Worker-Main-3/WARN] [net.minecraft.client.resources.model.BlockStateModelLoader/]: Exception loading blockstate definition: 'bloodalchemyandrituals:blockstates/blood_block.json' missing model for variant: 'bloodalchemyandrituals:blood_block#level=8'
[20Sept2024 22:24:22.460] [Worker-Main-3/WARN] [net.minecraft.client.resources.model.BlockStateModelLoader/]: Exception loading blockstate definition: 'bloodalchemyandrituals:blockstates/blood_block.json' missing model for variant: 'bloodalchemyandrituals:blood_block#level=7'
[20Sept2024 22:24:22.460] [Worker-Main-3/WARN] [net.minecraft.client.resources.model.BlockStateModelLoader/]: Exception loading blockstate definition: 'bloodalchemyandrituals:blockstates/blood_block.json' missing model for variant: 'bloodalchemyandrituals:blood_block#level=6'
[20Sept2024 22:24:22.460] [Worker-Main-3/WARN] [net.minecraft.client.resources.model.BlockStateModelLoader/]: Exception loading blockstate definition: 'bloodalchemyandrituals:blockstates/blood_block.json' missing model for variant: 'bloodalchemyandrituals:blood_block#level=5'
[20Sept2024 22:24:22.460] [Worker-Main-3/WARN] [net.minecraft.client.resources.model.BlockStateModelLoader/]: Exception loading blockstate definition: 'bloodalchemyandrituals:blockstates/blood_block.json' missing model for variant: 'bloodalchemyandrituals:blood_block#level=14'
[20Sept2024 22:24:22.462] [Worker-Main-3/WARN] [net.minecraft.client.resources.model.BlockStateModelLoader/]: Exception loading blockstate definition: 'bloodalchemyandrituals:blockstates/blood_block.json' missing model for variant: 'bloodalchemyandrituals:blood_block#level=15'
[20Sept2024 22:24:22.462] [Worker-Main-3/WARN] [net.minecraft.client.resources.model.BlockStateModelLoader/]: Exception loading blockstate definition: 'bloodalchemyandrituals:blockstates/blood_block.json' missing model for variant: 'bloodalchemyandrituals:blood_block#level=9'
[20Sept2024 22:24:22.462] [Worker-Main-3/WARN] [net.minecraft.client.resources.model.BlockStateModelLoader/]: Exception loading blockstate definition: 'bloodalchemyandrituals:blockstates/blood_block.json' missing model for variant: 'bloodalchemyandrituals:blood_block#level=10'
[20Sept2024 22:24:22.462] [Worker-Main-3/WARN] [net.minecraft.client.resources.model.BlockStateModelLoader/]: Exception loading blockstate definition: 'bloodalchemyandrituals:blockstates/blood_block.json' missing model for variant: 'bloodalchemyandrituals:blood_block#level=11'
[20Sept2024 22:24:22.462] [Worker-Main-3/WARN] [net.minecraft.client.resources.model.BlockStateModelLoader/]: Exception loading blockstate definition: 'bloodalchemyandrituals:blockstates/blood_block.json' missing model for variant: 'bloodalchemyandrituals:blood_block#level=12'
[20Sept2024 22:24:22.462] [Worker-Main-3/WARN] [net.minecraft.client.resources.model.BlockStateModelLoader/]: Exception loading blockstate definition: 'bloodalchemyandrituals:blockstates/blood_block.json' missing model for variant: 'bloodalchemyandrituals:blood_block#level=13'
[20Sept2024 22:24:22.462] [Worker-Main-3/WARN] [net.minecraft.client.resources.model.BlockStateModelLoader/]: Exception loading blockstate definition: 'bloodalchemyandrituals:blockstates/blood_block.json' missing model for variant: 'bloodalchemyandrituals:blood_block#level=0'
[20Sept2024 22:24:22.465] [Worker-Main-3/WARN] [net.minecraft.client.resources.model.ModelBakery/]: Unable to load model: 'bloodalchemyandrituals:item/ritual_altar' referenced from: bloodalchemyandrituals:item/ritual_altar: java.io.FileNotFoundException: bloodalchemyandrituals:models/item/ritual_altar.json
[20Sept2024 22:24:22.470] [Worker-Main-3/WARN] [net.minecraft.client.resources.model.ModelBakery/]: Unable to load model: 'bloodalchemyandrituals:item/blood_ritual_altar' referenced from: bloodalchemyandrituals:item/blood_ritual_altar: java.io.FileNotFoundException: bloodalchemyandrituals:models/item/blood_ritual_altar.json
[20Sept2024 22:24:22.472] [Worker-Main-3/WARN] [net.minecraft.client.resources.model.ModelBakery/]: Unable to load model: 'bloodalchemyandrituals:item/pedestal_block' referenced from: bloodalchemyandrituals:item/pedestal_block: java.io.FileNotFoundException: bloodalchemyandrituals:models/item/pedestal_block.json
[20Sept2024 22:24:22.493] [Worker-Main-3/WARN] [net.minecraft.client.resources.model.ModelBakery/]: Unable to load model: 'bloodalchemyandrituals:item/skull_block' referenced from: bloodalchemyandrituals:item/skull_block: java.io.FileNotFoundException: bloodalchemyandrituals:models/item/skull_block.json
[20Sept2024 22:24:25.178] [Render thread/WARN] [net.minecraft.client.sounds.SoundEngine/]: Missing sound for event: minecraft:item.goat_horn.play
[20Sept2024 22:24:25.178] [Render thread/WARN] [net.minecraft.client.sounds.SoundEngine/]: Missing sound for event: minecraft:entity.goat.screaming.horn_break
[20Sept2024 22:24:27.504] [Render thread/INFO] [com.mojang.blaze3d.audio.Library/]: OpenAL initialized on device OpenAL Soft on Speakers (Realtek(R) Audio)
[20Sept2024 22:24:27.508] [Render thread/INFO] [net.minecraft.client.sounds.SoundEngine/SOUNDS]: Sound engine started
[20Sept2024 22:24:27.938] [Render thread/INFO] [net.minecraft.client.renderer.texture.TextureAtlas/]: Created: 1024x512x4 minecraft:textures/atlas/blocks.png-atlas
[20Sept2024 22:24:30.047] [Render thread/INFO] [net.minecraft.client.renderer.texture.TextureAtlas/]: Created: 256x256x4 minecraft:textures/atlas/signs.png-atlas
[20Sept2024 22:24:30.069] [Render thread/INFO] [net.minecraft.client.renderer.texture.TextureAtlas/]: Created: 512x512x4 minecraft:textures/atlas/shield_patterns.png-atlas
[20Sept2024 22:24:30.122] [Render thread/INFO] [net.minecraft.client.renderer.texture.TextureAtlas/]: Created: 512x512x4 minecraft:textures/atlas/banner_patterns.png-atlas
[20Sept2024 22:24:30.184] [Render thread/INFO] [net.minecraft.client.renderer.texture.TextureAtlas/]: Created: 1024x1024x4 minecraft:textures/atlas/armor_trims.png-atlas
[20Sept2024 22:24:31.056] [Render thread/INFO] [net.minecraft.client.renderer.texture.TextureAtlas/]: Created: 128x64x4 minecraft:textures/atlas/decorated_pot.png-atlas
[20Sept2024 22:24:31.088] [Render thread/INFO] [net.minecraft.client.renderer.texture.TextureAtlas/]: Created: 256x256x4 minecraft:textures/atlas/chest.png-atlas
[20Sept2024 22:24:31.105] [Render thread/INFO] [net.minecraft.client.renderer.texture.TextureAtlas/]: Created: 512x256x4 minecraft:textures/atlas/shulker_boxes.png-atlas
[20Sept2024 22:24:31.128] [Render thread/INFO] [net.minecraft.client.renderer.texture.TextureAtlas/]: Created: 512x256x4 minecraft:textures/atlas/beds.png-atlas
[20Sept2024 22:24:32.352] [Render thread/INFO] [net.minecraft.client.renderer.texture.TextureAtlas/]: Created: 512x256x0 minecraft:textures/atlas/particles.png-atlas
[20Sept2024 22:24:32.420] [Render thread/INFO] [net.minecraft.client.renderer.texture.TextureAtlas/]: Created: 512x256x0 minecraft:textures/atlas/paintings.png-atlas
[20Sept2024 22:24:32.438] [Render thread/INFO] [net.minecraft.client.renderer.texture.TextureAtlas/]: Created: 256x128x0 minecraft:textures/atlas/mob_effects.png-atlas
[20Sept2024 22:24:32.454] [Render thread/INFO] [net.minecraft.client.renderer.texture.TextureAtlas/]: Created: 64x64x0 minecraft:textures/atlas/map_decorations.png-atlas
[20Sept2024 22:24:32.462] [Render thread/INFO] [net.minecraft.client.renderer.texture.TextureAtlas/]: Created: 1024x512x0 minecraft:textures/atlas/gui.png-atlas
[20Sept2024 22:24:32.791] [Render thread/WARN] [net.minecraft.client.renderer.ShaderInstance/]: Shader rendertype_entity_translucent_emissive could not find sampler named Sampler2 in the specified shader program.
[20Sept2024 22:24:45.968] [Render thread/INFO] [net.minecraft.world.item.crafting.RecipeManager/]: Loaded 1301 recipes
[20Sept2024 22:24:46.625] [Render thread/INFO] [net.minecraft.advancements.AdvancementTree/]: Loaded 1410 advancements
[20Sept2024 22:24:48.596] [Server thread/INFO] [net.minecraft.client.server.IntegratedServer/]: Starting integrated minecraft server version 1.21
[20Sept2024 22:24:48.599] [Server thread/INFO] [net.minecraft.server.MinecraftServer/]: Generating keypair
[20Sept2024 22:24:49.993] [Server thread/INFO] [net.minecraft.server.MinecraftServer/]: Preparing start region for dimension minecraft:overworld
[20Sept2024 22:24:50.881] [progressListener/INFO] [net.minecraft.server.level.progress.LoggerChunkProgressListener/]: Preparing spawn area: 0%
[20Sept2024 22:24:50.883] [progressListener/INFO] [net.minecraft.server.level.progress.LoggerChunkProgressListener/]: Preparing spawn area: 0%
[20Sept2024 22:24:51.027] [progressListener/INFO] [net.minecraft.server.level.progress.LoggerChunkProgressListener/]: Preparing spawn area: 18%
[20Sept2024 22:24:51.241] [Server thread/INFO] [net.neoforged.neoforge.server.permission.PermissionAPI/]: Successfully initialized permission handler neoforge:default_handler
[20Sept2024 22:24:51.243] [progressListener/INFO] [net.minecraft.server.level.progress.LoggerChunkProgressListener/]: Time elapsed: 1228 ms
[20Sept2024 22:24:51.821] [Server thread/INFO] [net.minecraft.client.server.IntegratedServer/]: Changing view distance to 8, from 10
[20Sept2024 22:24:51.823] [Server thread/INFO] [net.minecraft.client.server.IntegratedServer/]: Changing simulation distance to 8, from 0
[20Sept2024 22:24:55.026] [Server thread/INFO] [net.minecraft.server.players.PlayerList/]: Dev[local:E:7c97faa6] logged in with entity id 15 at (1000375.3821073909, -60.0, 1000041.1965281576)
[20Sept2024 22:24:55.314] [Server thread/INFO] [net.minecraft.server.MinecraftServer/]: Dev joined the game
[20Sept2024 22:24:55.684] [Render thread/WARN] [net.minecraft.client.ClientRecipeBook/]: Unknown recipe category: bloodalchemyandrituals:blood_ritual_altar_recipe/bloodalchemyandrituals:blood_infused_helmet
[20Sept2024 22:24:55.685] [Render thread/WARN] [net.minecraft.client.ClientRecipeBook/]: Unknown recipe category: bloodalchemyandrituals:blood_ritual_altar_recipe/bloodalchemyandrituals:blood_infused_leggings
[20Sept2024 22:24:55.685] [Render thread/WARN] [net.minecraft.client.ClientRecipeBook/]: Unknown recipe category: bloodalchemyandrituals:blood_ritual_altar_recipe/bloodalchemyandrituals:blood_infused_pickaxe
[20Sept2024 22:24:55.686] [Render thread/WARN] [net.minecraft.client.ClientRecipeBook/]: Unknown recipe category: bloodalchemyandrituals:blood_ritual_altar_recipe/bloodalchemyandrituals:blood_infused_shovel
[20Sept2024 22:24:55.686] [Render thread/WARN] [net.minecraft.client.ClientRecipeBook/]: Unknown recipe category: bloodalchemyandrituals:blood_ritual_altar_recipe/bloodalchemyandrituals:blood_infused_chestplate
[20Sept2024 22:24:55.686] [Render thread/WARN] [net.minecraft.client.ClientRecipeBook/]: Unknown recipe category: bloodalchemyandrituals:blood_ritual_altar_recipe/bloodalchemyandrituals:blood_infused_boots
[20Sept2024 22:24:55.686] [Render thread/WARN] [net.minecraft.client.ClientRecipeBook/]: Unknown recipe category: bloodalchemyandrituals:blood_ritual_altar_recipe/bloodalchemyandrituals:blood_infused_axe
[20Sept2024 22:24:55.687] [Render thread/WARN] [net.minecraft.client.ClientRecipeBook/]: Unknown recipe category: bloodalchemyandrituals:blood_ritual_altar_recipe/bloodalchemyandrituals:blood_infused_ingot
[20Sept2024 22:24:55.687] [Render thread/WARN] [net.minecraft.client.ClientRecipeBook/]: Unknown recipe category: bloodalchemyandrituals:blood_ritual_altar_recipe/bloodalchemyandrituals:blood_infused_hoe
[20Sept2024 22:24:55.687] [Render thread/WARN] [net.minecraft.client.ClientRecipeBook/]: Unknown recipe category: bloodalchemyandrituals:blood_ritual_altar_recipe/bloodalchemyandrituals:blood_infused_sword
[20Sept2024 22:24:55.688] [Render thread/WARN] [net.minecraft.client.ClientRecipeBook/]: Unknown recipe category: bloodalchemyandrituals:blood_ritual_altar_recipe/bloodalchemyandrituals:golden_apple
[20Sept2024 22:24:55.735] [Server thread/INFO] [BloodAlchemyAndRituals/]: Added rituals!
[20Sept2024 22:24:55.738] [Server thread/INFO] [BloodAlchemyAndRituals/]: Rituals added: [1 minecraft:cobblestone, 1 minecraft:cobblestone, 1 minecraft:paper, 0 minecraft:air] -> 1 minecraft:book
[20Sept2024 22:24:56.019] [Render thread/INFO] [net.minecraft.advancements.AdvancementTree/]: Loaded 196 advancements
[20Sept2024 22:24:56.046] [Render thread/INFO] [BloodAlchemyAndRituals/]: Added rituals!
[20Sept2024 22:24:56.046] [Render thread/INFO] [BloodAlchemyAndRituals/]: Rituals added: [1 minecraft:cobblestone, 1 minecraft:cobblestone, 1 minecraft:paper, 0 minecraft:air] -> 1 minecraft:book
[20Sept2024 22:24:56.315] [Server thread/INFO] [BloodAlchemyAndRituals/]: Placed Items: [1 minecraft:cobblestone, 1 minecraft:cobblestone, 1 minecraft:cobblestone, 1 minecraft:paper]
[20Sept2024 22:24:56.315] [Server thread/INFO] [BloodAlchemyAndRituals/]: Ritual Input Items: [1 minecraft:cobblestone, 1 minecraft:cobblestone, 1 minecraft:paper, 0 minecraft:air]
[20Sept2024 22:24:56.362] [Server thread/INFO] [BloodAlchemyAndRituals/]: Placed Items: [1 minecraft:cobblestone, 1 minecraft:cobblestone, 1 minecraft:cobblestone, 1 minecraft:paper]
[20Sept2024 22:24:56.363] [Server thread/INFO] [BloodAlchemyAndRituals/]: Ritual Input Items: [1 minecraft:cobblestone, 1 minecraft:cobblestone, 1 minecraft:paper, 0 minecraft:air]
[20Sept2024 22:24:56.395] [Server thread/INFO] [BloodAlchemyAndRituals/]: Added rituals!
[20Sept2024 22:24:56.395] [Server thread/INFO] [BloodAlchemyAndRituals/]: Rituals added: [1 minecraft:cobblestone, 1 minecraft:cobblestone, 1 minecraft:paper, 0 minecraft:air] -> 1 minecraft:book
[20Sept2024 22:24:56.408] [Server thread/INFO] [BloodAlchemyAndRituals/]: Placed Items: [1 minecraft:cobblestone, 1 minecraft:cobblestone, 1 minecraft:cobblestone, 1 minecraft:paper]
[20Sept2024 22:24:56.409] [Server thread/INFO] [BloodAlchemyAndRituals/]: Ritual Input Items: [1 minecraft:cobblestone, 1 minecraft:cobblestone, 1 minecraft:paper, 0 minecraft:air]
[20Sept2024 22:24:56.479] [Server thread/INFO] [BloodAlchemyAndRituals/]: Placed Items: [1 minecraft:cobblestone, 1 minecraft:cobblestone, 1 minecraft:cobblestone, 1 minecraft:paper]
[20Sept2024 22:24:56.479] [Server thread/INFO] [BloodAlchemyAndRituals/]: Ritual Input Items: [1 minecraft:cobblestone, 1 minecraft:cobblestone, 1 minecraft:paper, 0 minecraft:air]
[20Sept2024 22:24:56.508] [Server thread/INFO] [BloodAlchemyAndRituals/]: Placed Items: [1 minecraft:cobblestone, 1 minecraft:cobblestone, 1 minecraft:cobblestone, 1 minecraft:paper]
[20Sept2024 22:24:56.509] [Server thread/INFO] [BloodAlchemyAndRituals/]: Ritual Input Items: [1 minecraft:cobblestone, 1 minecraft:cobblestone, 1 minecraft:paper, 0 minecraft:air]
[20Sept2024 22:24:56.555] [Server thread/INFO] [BloodAlchemyAndRituals/]: Placed Items: [1 minecraft:cobblestone, 1 minecraft:cobblestone, 1 minecraft:cobblestone, 1 minecraft:paper]
[20Sept2024 22:24:56.556] [Server thread/INFO] [BloodAlchemyAndRituals/]: Ritual Input Items: [1 minecraft:cobblestone, 1 minecraft:cobblestone, 1 minecraft:paper, 0 minecraft:air]
[20Sept2024 22:24:56.646] [Server thread/INFO] [BloodAlchemyAndRituals/]: Placed Items: [1 minecraft:cobblestone, 1 minecraft:cobblestone, 1 minecraft:cobblestone, 1 minecraft:paper]
[20Sept2024 22:24:56.646] [Server thread/INFO] [BloodAlchemyAndRituals/]: Ritual Input Items: [1 minecraft:cobblestone, 1 minecraft:cobblestone, 1 minecraft:paper, 0 minecraft:air]
[20Sept2024 22:24:56.658] [Server thread/INFO] [BloodAlchemyAndRituals/]: Placed Items: [1 minecraft:cobblestone, 1 minecraft:cobblestone, 1 minecraft:cobblestone, 1 minecraft:paper]
[20Sept2024 22:24:56.658] [Server thread/INFO] [BloodAlchemyAndRituals/]: Ritual Input Items: [1 minecraft:cobblestone, 1 minecraft:cobblestone, 1 minecraft:paper, 0 minecraft:air]
[20Sept2024 22:24:56.708] [Server thread/INFO] [BloodAlchemyAndRituals/]: Placed Items: [1 minecraft:cobblestone, 1 minecraft:cobblestone, 1 minecraft:cobblestone, 1 minecraft:paper]
[20Sept2024 22:24:56.708] [Server thread/INFO] [BloodAlchemyAndRituals/]: Ritual Input Items: [1 minecraft:cobblestone, 1 minecraft:cobblestone, 1 minecraft:paper, 0 minecraft:air]
[20Sept2024 22:24:56.755] [Server thread/INFO] [BloodAlchemyAndRituals/]: Placed Items: [1 minecraft:cobblestone, 1 minecraft:cobblestone, 1 minecraft:cobblestone, 1 minecraft:paper]
[20Sept2024 22:24:56.756] [Server thread/INFO] [BloodAlchemyAndRituals/]: Ritual Input Items: [1 minecraft:cobblestone, 1 minecraft:cobblestone, 1 minecraft:paper, 0 minecraft:air]
[20Sept2024 22:24:56.806] [Server thread/INFO] [BloodAlchemyAndRituals/]: Placed Items: [1 minecraft:cobblestone, 1 minecraft:cobblestone, 1 minecraft:cobblestone, 1 minecraft:paper]
[20Sept2024 22:24:56.806] [Server thread/INFO] [BloodAlchemyAndRituals/]: Ritual Input Items: [1 minecraft:cobblestone, 1 minecraft:cobblestone, 1 minecraft:paper, 0 minecraft:air]
[20Sept2024 22:24:56.867] [Server thread/INFO] [BloodAlchemyAndRituals/]: Placed Items: [1 minecraft:cobblestone, 1 minecraft:cobblestone, 1 minecraft:cobblestone, 1 minecraft:paper]
[20Sept2024 22:24:56.867] [Server thread/INFO] [BloodAlchemyAndRituals/]: Ritual Input Items: [1 minecraft:cobblestone, 1 minecraft:cobblestone, 1 minecraft:paper, 0 minecraft:air]
[20Sept2024 22:24:56.926] [Server thread/INFO] [BloodAlchemyAndRituals/]: Placed Items: [1 minecraft:cobblestone, 1 minecraft:cobblestone, 1 minecraft:cobblestone, 1 minecraft:paper]
[20Sept2024 22:24:56.926] [Server thread/INFO] [BloodAlchemyAndRituals/]: Ritual Input Items: [1 minecraft:cobblestone, 1 minecraft:cobblestone, 1 minecraft:paper, 0 minecraft:air]
[20Sept2024 22:24:57.029] [Server thread/INFO] [BloodAlchemyAndRituals/]: Placed Items: [1 minecraft:cobblestone, 1 minecraft:cobblestone, 1 minecraft:cobblestone, 1 minecraft:paper]
[20Sept2024 22:24:57.029] [Server thread/INFO] [BloodAlchemyAndRituals/]: Ritual Input Items: [1 minecraft:cobblestone, 1 minecraft:cobblestone, 1 minecraft:paper, 0 minecraft:air]
[20Sept2024 22:24:57.040] [Server thread/INFO] [BloodAlchemyAndRituals/]: Placed Items: [1 minecraft:cobblestone, 1 minecraft:cobblestone, 1 minecraft:cobblestone, 1 minecraft:paper]
[20Sept2024 22:24:57.040] [Server thread/INFO] [BloodAlchemyAndRituals/]: Ritual Input Items: [1 minecraft:cobblestone, 1 minecraft:cobblestone, 1 minecraft:paper, 0 minecraft:air]
[20Sept2024 22:24:57.066] [Server thread/INFO] [BloodAlchemyAndRituals/]: Placed Items: [1 minecraft:cobblestone, 1 minecraft:cobblestone, 1 minecraft:cobblestone, 1 minecraft:paper]
[20Sept2024 22:24:57.066] [Server thread/INFO] [BloodAlchemyAndRituals/]: Ritual Input Items: [1 minecraft:cobblestone, 1 minecraft:cobblestone, 1 minecraft:paper, 0 minecraft:air]
[20Sept2024 22:24:57.108] [Server thread/INFO] [BloodAlchemyAndRituals/]: Placed Items: [1 minecraft:cobblestone, 1 minecraft:cobblestone, 1 minecraft:cobblestone, 1 minecraft:paper]
[20Sept2024 22:24:57.108] [Server thread/INFO] [BloodAlchemyAndRituals/]: Ritual Input Items: [1 minecraft:cobblestone, 1 minecraft:cobblestone, 1 minecraft:paper, 0 minecraft:air]
[20Sept2024 22:24:57.199] [Server thread/INFO] [BloodAlchemyAndRituals/]: Placed Items: [1 minecraft:cobblestone, 1 minecraft:cobblestone, 1 minecraft:cobblestone, 1 minecraft:paper]
[20Sept2024 22:24:57.199] [Server thread/INFO] [BloodAlchemyAndRituals/]: Ritual Input Items: [1 minecraft:cobblestone, 1 minecraft:cobblestone, 1 minecraft:paper, 0 minecraft:air]
[20Sept2024 22:24:57.215] [Server thread/INFO] [BloodAlchemyAndRituals/]: Placed Items: [1 minecraft:cobblestone, 1 minecraft:cobblestone, 1 minecraft:cobblestone, 1 minecraft:paper]
[20Sept2024 22:24:57.216] [Server thread/INFO] [BloodAlchemyAndRituals/]: Ritual Input Items: [1 minecraft:cobblestone, 1 minecraft:cobblestone, 1 minecraft:paper, 0 minecraft:air]
[20Sept2024 22:24:57.253] [Server thread/INFO] [BloodAlchemyAndRituals/]: Placed Items: [1 minecraft:cobblestone, 1 minecraft:cobblestone, 1 minecraft:cobblestone, 1 minecraft:paper]
[20Sept2024 22:24:57.253] [Server thread/INFO] [BloodAlchemyAndRituals/]: Ritual Input Items: [1 minecraft:cobblestone, 1 minecraft:cobblestone, 1 minecraft:paper, 0 minecraft:air]
[20Sept2024 22:24:57.309] [Server thread/INFO] [BloodAlchemyAndRituals/]: Placed Items: [1 minecraft:cobblestone, 1 minecraft:cobblestone, 1 minecraft:cobblestone, 1 minecraft:paper]
[20Sept2024 22:24:57.309] [Server thread/INFO] [BloodAlchemyAndRituals/]: Ritual Input Items: [1 minecraft:cobblestone, 1 minecraft:cobblestone, 1 minecraft:paper, 0 minecraft:air]
[20Sept2024 22:24:57.363] [Server thread/INFO] [BloodAlchemyAndRituals/]: Placed Items: [1 minecraft:cobblestone, 1 minecraft:cobblestone, 1 minecraft:cobblestone, 1 minecraft:paper]
[20Sept2024 22:24:57.364] [Server thread/INFO] [BloodAlchemyAndRituals/]: Ritual Input Items: [1 minecraft:cobblestone, 1 minecraft:cobblestone, 1 minecraft:paper, 0 minecraft:air]
[20Sept2024 22:24:57.415] [Server thread/INFO] [BloodAlchemyAndRituals/]: Placed Items: [1 minecraft:cobblestone, 1 minecraft:cobblestone, 1 minecraft:cobblestone, 1 minecraft:paper]
[20Sept2024 22:24:57.415] [Server thread/INFO] [BloodAlchemyAndRituals/]: Ritual Input Items: [1 minecraft:cobblestone, 1 minecraft:cobblestone, 1 minecraft:paper, 0 minecraft:air]
[20Sept2024 22:24:57.416] [Server thread/INFO] [BloodAlchemyAndRituals/]: Placed Items: [1 minecraft:cobblestone, 1 minecraft:paper, 1 minecraft:cobblestone, 1 minecraft:cobblestone]
[20Sept2024 22:24:57.416] [Server thread/INFO] [BloodAlchemyAndRituals/]: Ritual Input Items: [1 minecraft:cobblestone, 1 minecraft:cobblestone, 1 minecraft:paper, 0 minecraft:air]
[20Sept2024 22:24:57.471] [Server thread/INFO] [BloodAlchemyAndRituals/]: Placed Items: [1 minecraft:cobblestone, 1 minecraft:cobblestone, 1 minecraft:cobblestone, 1 minecraft:paper]
[20Sept2024 22:24:57.471] [Server thread/INFO] [BloodAlchemyAndRituals/]: Ritual Input Items: [1 minecraft:cobblestone, 1 minecraft:cobblestone, 1 minecraft:paper, 0 minecraft:air]
[20Sept2024 22:24:57.472] [Server thread/INFO] [BloodAlchemyAndRituals/]: Placed Items: [1 minecraft:cobblestone, 1 minecraft:paper, 1 minecraft:cobblestone, 1 minecraft:cobblestone]
[20Sept2024 22:24:57.474] [Server thread/INFO] [BloodAlchemyAndRituals/]: Ritual Input Items: [1 minecraft:cobblestone, 1 minecraft:cobblestone, 1 minecraft:paper, 0 minecraft:air]
[20Sept2024 22:24:57.531] [Server thread/INFO] [BloodAlchemyAndRituals/]: Placed Items: [1 minecraft:cobblestone, 1 minecraft:cobblestone, 1 minecraft:cobblestone, 1 minecraft:paper]
[20Sept2024 22:24:57.532] [Server thread/INFO] [BloodAlchemyAndRituals/]: Ritual Input Items: [1 minecraft:cobblestone, 1 minecraft:cobblestone, 1 minecraft:paper, 0 minecraft:air]
[20Sept2024 22:24:57.534] [Server thread/INFO] [BloodAlchemyAndRituals/]: Placed Items: [1 minecraft:cobblestone, 1 minecraft:paper, 1 minecraft:cobblestone, 1 minecraft:cobblestone]
[20Sept2024 22:24:57.535] [Server thread/INFO] [BloodAlchemyAndRituals/]: Ritual Input Items: [1 minecraft:cobblestone, 1 minecraft:cobblestone, 1 minecraft:paper, 0 minecraft:air]
[20Sept2024 22:24:57.617] [Server thread/INFO] [BloodAlchemyAndRituals/]: Placed Items: [1 minecraft:cobblestone, 1 minecraft:cobblestone, 1 minecraft:cobblestone, 1 minecraft:paper]
[20Sept2024 22:24:57.617] [Server thread/INFO] [BloodAlchemyAndRituals/]: Ritual Input Items: [1 minecraft:cobblestone, 1 minecraft:cobblestone, 1 minecraft:paper, 0 minecraft:air]
[20Sept2024 22:24:57.618] [Server thread/INFO] [BloodAlchemyAndRituals/]: Placed Items: [1 minecraft:cobblestone, 1 minecraft:paper, 1 minecraft:cobblestone, 1 minecraft:cobblestone]
[20Sept2024 22:24:57.618] [Server thread/INFO] [BloodAlchemyAndRituals/]: Ritual Input Items: [1 minecraft:cobblestone, 1 minecraft:cobblestone, 1 minecraft:paper, 0 minecraft:air]
[20Sept2024 22:24:57.642] [Render thread/INFO] [BloodAlchemyAndRituals/]: Added rituals!
[20Sept2024 22:24:57.642] [Render thread/INFO] [BloodAlchemyAndRituals/]: Rituals added: [1 minecraft:cobblestone, 1 minecraft:cobblestone, 1 minecraft:paper, 0 minecraft:air] -> 1 minecraft:book
[20Sept2024 22:24:57.646] [Server thread/INFO] [BloodAlchemyAndRituals/]: Placed Items: [1 minecraft:cobblestone, 1 minecraft:cobblestone, 1 minecraft:cobblestone, 1 minecraft:paper]
[20Sept2024 22:24:57.646] [Server thread/INFO] [BloodAlchemyAndRituals/]: Ritual Input Items: [1 minecraft:cobblestone, 1 minecraft:cobblestone, 1 minecraft:paper, 0 minecraft:air]
[20Sept2024 22:24:57.646] [Server thread/INFO] [BloodAlchemyAndRituals/]: Placed Items: [1 minecraft:cobblestone, 1 minecraft:paper, 1 minecraft:cobblestone, 1 minecraft:cobblestone]
[20Sept2024 22:24:57.646] [Server thread/INFO] [BloodAlchemyAndRituals/]: Ritual Input Items: [1 minecraft:cobblestone, 1 minecraft:cobblestone, 1 minecraft:paper, 0 minecraft:air]
[20Sept2024 22:24:57.667] [Server thread/INFO] [BloodAlchemyAndRituals/]: Placed Items: [1 minecraft:cobblestone, 1 minecraft:cobblestone, 1 minecraft:cobblestone, 1 minecraft:paper]
[20Sept2024 22:24:57.667] [Server thread/INFO] [BloodAlchemyAndRituals/]: Ritual Input Items: [1 minecraft:cobblestone, 1 minecraft:cobblestone, 1 minecraft:paper, 0 minecraft:air]
[20Sept2024 22:24:57.667] [Server thread/INFO] [BloodAlchemyAndRituals/]: Placed Items: [1 minecraft:cobblestone, 1 minecraft:paper, 1 minecraft:cobblestone, 1 minecraft:cobblestone]
[20Sept2024 22:24:57.668] [Server thread/INFO] [BloodAlchemyAndRituals/]: Ritual Input Items: [1 minecraft:cobblestone, 1 minecraft:cobblestone, 1 minecraft:paper, 0 minecraft:air]
[20Sept2024 22:24:57.767] [Server thread/INFO] [BloodAlchemyAndRituals/]: Placed Items: [1 minecraft:cobblestone, 1 minecraft:cobblestone, 1 minecraft:cobblestone, 1 minecraft:paper]
[20Sept2024 22:24:57.767] [Server thread/INFO] [BloodAlchemyAndRituals/]: Ritual Input Items: [1 minecraft:cobblestone, 1 minecraft:cobblestone, 1 minecraft:paper, 0 minecraft:air]
[20Sept2024 22:24:57.768] [Server thread/INFO] [BloodAlchemyAndRituals/]: Placed Items: [1 minecraft:cobblestone, 1 minecraft:paper, 1 minecraft:cobblestone, 1 minecraft:cobblestone]
[20Sept2024 22:24:57.768] [Server thread/INFO] [BloodAlchemyAndRituals/]: Ritual Input Items: [1 minecraft:cobblestone, 1 minecraft:cobblestone, 1 minecraft:paper, 0 minecraft:air]
[20Sept2024 22:24:57.789] [Server thread/INFO] [BloodAlchemyAndRituals/]: Placed Items: [1 minecraft:cobblestone, 1 minecraft:cobblestone, 1 minecraft:cobblestone, 1 minecraft:paper]
[20Sept2024 22:24:57.789] [Server thread/INFO] [BloodAlchemyAndRituals/]: Ritual Input Items: [1 minecraft:cobblestone, 1 minecraft:cobblestone, 1 minecraft:paper, 0 minecraft:air]
[20Sept2024 22:24:57.790] [Server thread/INFO] [BloodAlchemyAndRituals/]: Placed Items: [1 minecraft:cobblestone, 1 minecraft:paper, 1 minecraft:cobblestone, 1 minecraft:cobblestone]
[20Sept2024 22:24:57.790] [Server thread/INFO] [BloodAlchemyAndRituals/]: Ritual Input Items: [1 minecraft:cobblestone, 1 minecraft:cobblestone, 1 minecraft:paper, 0 minecraft:air]
[20Sept2024 22:24:57.823] [Server thread/INFO] [BloodAlchemyAndRituals/]: Placed Items: [1 minecraft:cobblestone, 1 minecraft:cobblestone, 1 minecraft:cobblestone, 1 minecraft:paper]
[20Sept2024 22:24:57.824] [Server thread/INFO] [BloodAlchemyAndRituals/]: Ritual Input Items: [1 minecraft:cobblestone, 1 minecraft:cobblestone, 1 minecraft:paper, 0 minecraft:air]
[20Sept2024 22:24:57.824] [Server thread/INFO] [BloodAlchemyAndRituals/]: Placed Items: [1 minecraft:cobblestone, 1 minecraft:paper, 1 minecraft:cobblestone, 1 minecraft:cobblestone]
[20Sept2024 22:24:57.824] [Server thread/INFO] [BloodAlchemyAndRituals/]: Ritual Input Items: [1 minecraft:cobblestone, 1 minecraft:cobblestone, 1 minecraft:paper, 0 minecraft:air]
[20Sept2024 22:24:57.888] [Server thread/INFO] [BloodAlchemyAndRituals/]: Placed Items: [1 minecraft:cobblestone, 1 minecraft:cobblestone, 1 minecraft:cobblestone, 1 minecraft:paper]
[20Sept2024 22:24:57.889] [Server thread/INFO] [BloodAlchemyAndRituals/]: Ritual Input Items: [1 minecraft:cobblestone, 1 minecraft:cobblestone, 1 minecraft:paper, 0 minecraft:air]
[20Sept2024 22:24:57.889] [Server thread/INFO] [BloodAlchemyAndRituals/]: Placed Items: [1 minecraft:cobblestone, 1 minecraft:paper, 1 minecraft:cobblestone, 1 minecraft:cobblestone]
[20Sept2024 22:24:57.889] [Server thread/INFO] [BloodAlchemyAndRituals/]: Ritual Input Items: [1 minecraft:cobblestone, 1 minecraft:cobblestone, 1 minecraft:paper, 0 minecraft:air]
[20Sept2024 22:24:57.921] [Server thread/INFO] [BloodAlchemyAndRituals/]: Placed Items: [1 minecraft:cobblestone, 1 minecraft:cobblestone, 1 minecraft:cobblestone, 1 minecraft:paper]
[20Sept2024 22:24:57.921] [Server thread/INFO] [BloodAlchemyAndRituals/]: Ritual Input Items: [1 minecraft:cobblestone, 1 minecraft:cobblestone, 1 minecraft:paper, 0 minecraft:air]
[20Sept2024 22:24:57.922] [Server thread/INFO] [BloodAlchemyAndRituals/]: Placed Items: [1 minecraft:cobblestone, 1 minecraft:paper, 1 minecraft:cobblestone, 1 minecraft:cobblestone]
[20Sept2024 22:24:57.922] [Server thread/INFO] [BloodAlchemyAndRituals/]: Ritual Input Items: [1 minecraft:cobblestone, 1 minecraft:cobblestone, 1 minecraft:paper, 0 minecraft:air]
[20Sept2024 22:24:57.968] [Server thread/INFO] [BloodAlchemyAndRituals/]: Placed Items: [1 minecraft:cobblestone, 1 minecraft:cobblestone, 1 minecraft:cobblestone, 1 minecraft:paper]
[20Sept2024 22:24:57.969] [Server thread/INFO] [BloodAlchemyAndRituals/]: Ritual Input Items: [1 minecraft:cobblestone, 1 minecraft:cobblestone, 1 minecraft:paper, 0 minecraft:air]
[20Sept2024 22:24:57.969] [Server thread/INFO] [BloodAlchemyAndRituals/]: Placed Items: [1 minecraft:cobblestone, 1 minecraft:paper, 1 minecraft:cobblestone, 1 minecraft:cobblestone]
[20Sept2024 22:24:57.970] [Server thread/INFO] [BloodAlchemyAndRituals/]: Ritual Input Items: [1 minecraft:cobblestone, 1 minecraft:cobblestone, 1 minecraft:paper, 0 minecraft:air]
[20Sept2024 22:24:58.031] [Server thread/INFO] [BloodAlchemyAndRituals/]: Placed Items: [1 minecraft:cobblestone, 1 minecraft:cobblestone, 1 minecraft:cobblestone, 1 minecraft:paper]
[20Sept2024 22:24:58.031] [Server thread/INFO] [BloodAlchemyAndRituals/]: Ritual Input Items: [1 minecraft:cobblestone, 1 minecraft:cobblestone, 1 minecraft:paper, 0 minecraft:air]
[20Sept2024 22:24:58.032] [Server thread/INFO] [BloodAlchemyAndRituals/]: Placed Items: [1 minecraft:cobblestone, 1 minecraft:paper, 1 minecraft:cobblestone, 1 minecraft:cobblestone]
[20Sept2024 22:24:58.033] [Server thread/INFO] [BloodAlchemyAndRituals/]: Ritual Input Items: [1 minecraft:cobblestone, 1 minecraft:cobblestone, 1 minecraft:paper, 0 minecraft:air]
[20Sept2024 22:24:58.069] [Server thread/INFO] [BloodAlchemyAndRituals/]: Placed Items: [1 minecraft:cobblestone, 1 minecraft:cobblestone, 1 minecraft:cobblestone, 1 minecraft:paper]
[20Sept2024 22:24:58.069] [Server thread/INFO] [BloodAlchemyAndRituals/]: Ritual Input Items: [1 minecraft:cobblestone, 1 minecraft:cobblestone, 1 minecraft:paper, 0 minecraft:air]
[20Sept2024 22:24:58.070] [Server thread/INFO] [BloodAlchemyAndRituals/]: Placed Items: [1 minecraft:cobblestone, 1 minecraft:paper, 1 minecraft:cobblestone, 1 minecraft:cobblestone]
[20Sept2024 22:24:58.070] [Server thread/INFO] [BloodAlchemyAndRituals/]: Ritual Input Items: [1 minecraft:cobblestone, 1 minecraft:cobblestone, 1 minecraft:paper, 0 minecraft:air]
[20Sept2024 22:24:58.115] [Server thread/INFO] [BloodAlchemyAndRituals/]: Placed Items: [1 minecraft:cobblestone, 1 minecraft:cobblestone, 1 minecraft:cobblestone, 1 minecraft:paper]
[20Sept2024 22:24:58.115] [Server thread/INFO] [BloodAlchemyAndRituals/]: Ritual Input Items: [1 minecraft:cobblestone, 1 minecraft:cobblestone, 1 minecraft:paper, 0 minecraft:air]
[20Sept2024 22:24:58.116] [Server thread/INFO] [BloodAlchemyAndRituals/]: Placed Items: [1 minecraft:cobblestone, 1 minecraft:paper, 1 minecraft:cobblestone, 1 minecraft:cobblestone]
[20Sept2024 22:24:58.116] [Server thread/INFO] [BloodAlchemyAndRituals/]: Ritual Input Items: [1 minecraft:cobblestone, 1 minecraft:cobblestone, 1 minecraft:paper, 0 minecraft:air]
[20Sept2024 22:24:58.176] [Server thread/INFO] [BloodAlchemyAndRituals/]: Placed Items: [1 minecraft:cobblestone, 1 minecraft:cobblestone, 1 minecraft:cobblestone, 1 minecraft:paper]
[20Sept2024 22:24:58.176] [Server thread/INFO] [BloodAlchemyAndRituals/]: Ritual Input Items: [1 minecraft:cobblestone, 1 minecraft:cobblestone, 1 minecraft:paper, 0 minecraft:air]
[20Sept2024 22:24:58.177] [Server thread/INFO] [BloodAlchemyAndRituals/]: Placed Items: [1 minecraft:cobblestone, 1 minecraft:paper, 1 minecraft:cobblestone, 1 minecraft:cobblestone]
[20Sept2024 22:24:58.177] [Server thread/INFO] [BloodAlchemyAndRituals/]: Ritual Input Items: [1 minecraft:cobblestone, 1 minecraft:cobblestone, 1 minecraft:paper, 0 minecraft:air]
[20Sept2024 22:24:58.249] [Server thread/INFO] [BloodAlchemyAndRituals/]: Placed Items: [1 minecraft:cobblestone, 1 minecraft:cobblestone, 1 minecraft:cobblestone, 1 minecraft:paper]
[20Sept2024 22:24:58.249] [Server thread/INFO] [BloodAlchemyAndRituals/]: Ritual Input Items: [1 minecraft:cobblestone, 1 minecraft:cobblestone, 1 minecraft:paper, 0 minecraft:air]
[20Sept2024 22:24:58.251] [Server thread/INFO] [BloodAlchemyAndRituals/]: Placed Items: [1 minecraft:cobblestone, 1 minecraft:paper, 1 minecraft:cobblestone, 1 minecraft:cobblestone]
[20Sept2024 22:24:58.252] [Server thread/INFO] [BloodAlchemyAndRituals/]: Ritual Input Items: [1 minecraft:cobblestone, 1 minecraft:cobblestone, 1 minecraft:paper, 0 minecraft:air]
[20Sept2024 22:24:58.269] [Server thread/INFO] [BloodAlchemyAndRituals/]: Placed Items: [1 minecraft:cobblestone, 1 minecraft:cobblestone, 1 minecraft:cobblestone, 1 minecraft:paper]
[20Sept2024 22:24:58.270] [Server thread/INFO] [BloodAlchemyAndRituals/]: Ritual Input Items: [1 minecraft:cobblestone, 1 minecraft:cobblestone, 1 minecraft:paper, 0 minecraft:air]
[20Sept2024 22:24:58.270] [Server thread/INFO] [BloodAlchemyAndRituals/]: Placed Items: [1 minecraft:cobblestone, 1 minecraft:paper, 1 minecraft:cobblestone, 1 minecraft:cobblestone]
[20Sept2024 22:24:58.270] [Server thread/INFO] [BloodAlchemyAndRituals/]: Ritual Input Items: [1 minecraft:cobblestone, 1 minecraft:cobblestone, 1 minecraft:paper, 0 minecraft:air]
[20Sept2024 22:24:58.316] [Server thread/INFO] [BloodAlchemyAndRituals/]: Placed Items: [1 minecraft:cobblestone, 1 minecraft:cobblestone, 1 minecraft:cobblestone, 1 minecraft:paper]
[20Sept2024 22:24:58.317] [Server thread/INFO] [BloodAlchemyAndRituals/]: Ritual Input Items: [1 minecraft:cobblestone, 1 minecraft:cobblestone, 1 minecraft:paper, 0 minecraft:air]
[20Sept2024 22:24:58.317] [Server thread/INFO] [BloodAlchemyAndRituals/]: Placed Items: [1 minecraft:cobblestone, 1 minecraft:paper, 1 minecraft:cobblestone, 1 minecraft:cobblestone]
[20Sept2024 22:24:58.318] [Server thread/INFO] [BloodAlchemyAndRituals/]: Ritual Input Items: [1 minecraft:cobblestone, 1 minecraft:cobblestone, 1 minecraft:paper, 0 minecraft:air]
[20Sept2024 22:24:58.376] [Server thread/INFO] [BloodAlchemyAndRituals/]: Placed Items: [1 minecraft:cobblestone, 1 minecraft:cobblestone, 1 minecraft:cobblestone, 1 minecraft:paper]
[20Sept2024 22:24:58.377] [Server thread/INFO] [BloodAlchemyAndRituals/]: Ritual Input Items: [1 minecraft:cobblestone, 1 minecraft:cobblestone, 1 minecraft:paper, 0 minecraft:air]
[20Sept2024 22:24:58.377] [Server thread/INFO] [BloodAlchemyAndRituals/]: Placed Items: [1 minecraft:cobblestone, 1 minecraft:paper, 1 minecraft:cobblestone, 1 minecraft:cobblestone]
[20Sept2024 22:24:58.377] [Server thread/INFO] [BloodAlchemyAndRituals/]: Ritual Input Items: [1 minecraft:cobblestone, 1 minecraft:cobblestone, 1 minecraft:paper, 0 minecraft:air]
[20Sept2024 22:24:58.473] [Render thread/INFO] [BloodAlchemyAndRituals/]: Placed Items: [1 minecraft:cobblestone, 1 minecraft:cobblestone, 1 minecraft:cobblestone, 1 minecraft:paper]
[20Sept2024 22:24:58.473] [Render thread/INFO] [BloodAlchemyAndRituals/]: Ritual Input Items: [1 minecraft:cobblestone, 1 minecraft:cobblestone, 1 minecraft:paper, 0 minecraft:air]
[20Sept2024 22:24:58.480] [Server thread/INFO] [BloodAlchemyAndRituals/]: Placed Items: [1 minecraft:cobblestone, 1 minecraft:cobblestone, 1 minecraft:cobblestone, 1 minecraft:paper]
[20Sept2024 22:24:58.481] [Server thread/INFO] [BloodAlchemyAndRituals/]: Ritual Input Items: [1 minecraft:cobblestone, 1 minecraft:cobblestone, 1 minecraft:paper, 0 minecraft:air]
[20Sept2024 22:24:58.481] [Server thread/INFO] [BloodAlchemyAndRituals/]: Placed Items: [1 minecraft:cobblestone, 1 minecraft:paper, 1 minecraft:cobblestone, 1 minecraft:cobblestone]
[20Sept2024 22:24:58.481] [Server thread/INFO] [BloodAlchemyAndRituals/]: Ritual Input Items: [1 minecraft:cobblestone, 1 minecraft:cobblestone, 1 minecraft:paper, 0 minecraft:air]
[20Sept2024 22:24:58.516] [Server thread/INFO] [BloodAlchemyAndRituals/]: Placed Items: [1 minecraft:cobblestone, 1 minecraft:cobblestone, 1 minecraft:cobblestone, 1 minecraft:paper]
[20Sept2024 22:24:58.517] [Server thread/INFO] [BloodAlchemyAndRituals/]: Ritual Input Items: [1 minecraft:cobblestone, 1 minecraft:cobblestone, 1 minecraft:paper, 0 minecraft:air]
[20Sept2024 22:24:58.517] [Server thread/INFO] [BloodAlchemyAndRituals/]: Placed Items: [1 minecraft:cobblestone, 1 minecraft:paper, 1 minecraft:cobblestone, 1 minecraft:cobblestone]
[20Sept2024 22:24:58.517] [Server thread/INFO] [BloodAlchemyAndRituals/]: Ritual Input Items: [1 minecraft:cobblestone, 1 minecraft:cobblestone, 1 minecraft:paper, 0 minecraft:air]
[20Sept2024 22:24:58.521] [Server thread/INFO] [BloodAlchemyAndRituals/]: Placed Items: [1 minecraft:cobblestone, 1 minecraft:cobblestone, 1 minecraft:cobblestone, 1 minecraft:paper]
[20Sept2024 22:24:58.522] [Server thread/INFO] [BloodAlchemyAndRituals/]: Ritual Input Items: [1 minecraft:cobblestone, 1 minecraft:cobblestone, 1 minecraft:paper, 0 minecraft:air]
[20Sept2024 22:24:58.542] [Server thread/INFO] [BloodAlchemyAndRituals/]: Placed Items: [1 minecraft:cobblestone, 1 minecraft:cobblestone, 1 minecraft:cobblestone, 1 minecraft:paper]
[20Sept2024 22:24:58.542] [Server thread/INFO] [BloodAlchemyAndRituals/]: Ritual Input Items: [1 minecraft:cobblestone, 1 minecraft:cobblestone, 1 minecraft:paper, 0 minecraft:air]
[20Sept2024 22:24:58.543] [Server thread/INFO] [BloodAlchemyAndRituals/]: Placed Items: [1 minecraft:cobblestone, 1 minecraft:paper, 1 minecraft:cobblestone, 1 minecraft:cobblestone]
[20Sept2024 22:24:58.543] [Server thread/INFO] [BloodAlchemyAndRituals/]: Ritual Input Items: [1 minecraft:cobblestone, 1 minecraft:cobblestone, 1 minecraft:paper, 0 minecraft:air]
[20Sept2024 22:24:58.573] [Server thread/INFO] [BloodAlchemyAndRituals/]: Placed Items: [1 minecraft:cobblestone, 1 minecraft:cobblestone, 1 minecraft:cobblestone, 1 minecraft:paper]
[20Sept2024 22:24:58.574] [Server thread/INFO] [BloodAlchemyAndRituals/]: Ritual Input Items: [1 minecraft:cobblestone, 1 minecraft:cobblestone, 1 minecraft:paper, 0 minecraft:air]
[20Sept2024 22:24:58.574] [Server thread/INFO] [BloodAlchemyAndRituals/]: Placed Items: [1 minecraft:cobblestone, 1 minecraft:paper, 1 minecraft:cobblestone, 1 minecraft:cobblestone]
[20Sept2024 22:24:58.574] [Server thread/INFO] [BloodAlchemyAndRituals/]: Ritual Input Items: [1 minecraft:cobblestone, 1 minecraft:cobblestone, 1 minecraft:paper, 0 minecraft:air]
[20Sept2024 22:24:58.650] [Server thread/INFO] [BloodAlchemyAndRituals/]: Placed Items: [1 minecraft:cobblestone, 1 minecraft:cobblestone, 1 minecraft:cobblestone, 1 minecraft:paper]
[20Sept2024 22:24:58.652] [Server thread/INFO] [BloodAlchemyAndRituals/]: Ritual Input Items: [1 minecraft:cobblestone, 1 minecraft:cobblestone, 1 minecraft:paper, 0 minecraft:air]
[20Sept2024 22:24:58.653] [Server thread/INFO] [BloodAlchemyAndRituals/]: Placed Items: [1 minecraft:cobblestone, 1 minecraft:paper, 1 minecraft:cobblestone, 1 minecraft:cobblestone]
[20Sept2024 22:24:58.653] [Server thread/INFO] [BloodAlchemyAndRituals/]: Ritual Input Items: [1 minecraft:cobblestone, 1 minecraft:cobblestone, 1 minecraft:paper, 0 minecraft:air]
[20Sept2024 22:24:58.688] [Server thread/INFO] [BloodAlchemyAndRituals/]: Placed Items: [1 minecraft:cobblestone, 1 minecraft:cobblestone, 1 minecraft:cobblestone, 1 minecraft:paper]
[20Sept2024 22:24:58.690] [Server thread/INFO] [BloodAlchemyAndRituals/]: Ritual Input Items: [1 minecraft:cobblestone, 1 minecraft:cobblestone, 1 minecraft:paper, 0 minecraft:air]
[20Sept2024 22:24:58.690] [Server thread/INFO] [BloodAlchemyAndRituals/]: Placed Items: [1 minecraft:cobblestone, 1 minecraft:paper, 1 minecraft:cobblestone, 1 minecraft:cobblestone]
[20Sept2024 22:24:58.690] [Server thread/INFO] [BloodAlchemyAndRituals/]: Ritual Input Items: [1 minecraft:cobblestone, 1 minecraft:cobblestone, 1 minecraft:paper, 0 minecraft:air]
[20Sept2024 22:24:58.749] [Server thread/INFO] [BloodAlchemyAndRituals/]: Placed Items: [1 minecraft:cobblestone, 1 minecraft:cobblestone, 1 minecraft:cobblestone, 1 minecraft:paper]
[20Sept2024 22:24:58.749] [Server thread/INFO] [BloodAlchemyAndRituals/]: Ritual Input Items: [1 minecraft:cobblestone, 1 minecraft:cobblestone, 1 minecraft:paper, 0 minecraft:air]
[20Sept2024 22:24:58.749] [Server thread/INFO] [BloodAlchemyAndRituals/]: Placed Items: [1 minecraft:cobblestone, 1 minecraft:paper, 1 minecraft:cobblestone, 1 minecraft:cobblestone]
[20Sept2024 22:24:58.750] [Server thread/INFO] [BloodAlchemyAndRituals/]: Ritual Input Items: [1 minecraft:cobblestone, 1 minecraft:cobblestone, 1 minecraft:paper, 0 minecraft:air]
[20Sept2024 22:24:58.794] [Server thread/INFO] [BloodAlchemyAndRituals/]: Placed Items: [1 minecraft:cobblestone, 1 minecraft:cobblestone, 1 minecraft:cobblestone, 1 minecraft:paper]
[20Sept2024 22:24:58.794] [Server thread/INFO] [BloodAlchemyAndRituals/]: Ritual Input Items: [1 minecraft:cobblestone, 1 minecraft:cobblestone, 1 minecraft:paper, 0 minecraft:air]
[20Sept2024 22:24:58.795] [Server thread/INFO] [BloodAlchemyAndRituals/]: Placed Items: [1 minecraft:cobblestone, 1 minecraft:paper, 1 minecraft:cobblestone, 1 minecraft:cobblestone]
[20Sept2024 22:24:58.796] [Server thread/INFO] [BloodAlchemyAndRituals/]: Ritual Input Items: [1 minecraft:cobblestone, 1 minecraft:cobblestone, 1 minecraft:paper, 0 minecraft:air]
[20Sept2024 22:24:58.836] [Server thread/INFO] [BloodAlchemyAndRituals/]: Placed Items: [1 minecraft:cobblestone, 1 minecraft:cobblestone, 1 minecraft:cobblestone, 1 minecraft:paper]
[20Sept2024 22:24:58.836] [Server thread/INFO] [BloodAlchemyAndRituals/]: Ritual Input Items: [1 minecraft:cobblestone, 1 minecraft:cobblestone, 1 minecraft:paper, 0 minecraft:air]
[20Sept2024 22:24:58.837] [Server thread/INFO] [BloodAlchemyAndRituals/]: Placed Items: [1 minecraft:cobblestone, 1 minecraft:paper, 1 minecraft:cobblestone, 1 minecraft:cobblestone]
[20Sept2024 22:24:58.837] [Server thread/INFO] [BloodAlchemyAndRituals/]: Ritual Input Items: [1 minecraft:cobblestone, 1 minecraft:cobblestone, 1 minecraft:paper, 0 minecraft:air]
[20Sept2024 22:24:58.880] [Server thread/INFO] [BloodAlchemyAndRituals/]: Placed Items: [1 minecraft:cobblestone, 1 minecraft:cobblestone, 1 minecraft:cobblestone, 1 minecraft:paper]
[20Sept2024 22:24:58.880] [Server thread/INFO] [BloodAlchemyAndRituals/]: Ritual Input Items: [1 minecraft:cobblestone, 1 minecraft:cobblestone, 1 minecraft:paper, 0 minecraft:air]
[20Sept2024 22:24:58.880] [Server thread/INFO] [BloodAlchemyAndRituals/]: Placed Items: [1 minecraft:cobblestone, 1 minecraft:paper, 1 minecraft:cobblestone, 1 minecraft:cobblestone]
[20Sept2024 22:24:58.880] [Server thread/INFO] [BloodAlchemyAndRituals/]: Ritual Input Items: [1 minecraft:cobblestone, 1 minecraft:cobblestone, 1 minecraft:paper, 0 minecraft:air]
[20Sept2024 22:24:58.975] [Server thread/INFO] [BloodAlchemyAndRituals/]: Placed Items: [1 minecraft:cobblestone, 1 minecraft:cobblestone, 1 minecraft:cobblestone, 1 minecraft:paper]
[20Sept2024 22:24:58.975] [Server thread/INFO] [BloodAlchemyAndRituals/]: Ritual Input Items: [1 minecraft:cobblestone, 1 minecraft:cobblestone, 1 minecraft:paper, 0 minecraft:air]
[20Sept2024 22:24:58.975] [Server thread/INFO] [BloodAlchemyAndRituals/]: Placed Items: [1 minecraft:cobblestone, 1 minecraft:paper, 1 minecraft:cobblestone, 1 minecraft:cobblestone]
[20Sept2024 22:24:58.976] [Server thread/INFO] [BloodAlchemyAndRituals/]: Ritual Input Items: [1 minecraft:cobblestone, 1 minecraft:cobblestone, 1 minecraft:paper, 0 minecraft:air]
[20Sept2024 22:24:59.035] [Server thread/INFO] [BloodAlchemyAndRituals/]: Placed Items: [1 minecraft:cobblestone, 1 minecraft:cobblestone, 1 minecraft:cobblestone, 1 minecraft:paper]
[20Sept2024 22:24:59.035] [Server thread/INFO] [BloodAlchemyAndRituals/]: Ritual Input Items: [1 minecraft:cobblestone, 1 minecraft:cobblestone, 1 minecraft:paper, 0 minecraft:air]
[20Sept2024 22:24:59.036] [Server thread/INFO] [BloodAlchemyAndRituals/]: Placed Items: [1 minecraft:cobblestone, 1 minecraft:paper, 1 minecraft:cobblestone, 1 minecraft:cobblestone]
[20Sept2024 22:24:59.036] [Server thread/INFO] [BloodAlchemyAndRituals/]: Ritual Input Items: [1 minecraft:cobblestone, 1 minecraft:cobblestone, 1 minecraft:paper, 0 minecraft:air]
[20Sept2024 22:24:59.074] [Server thread/INFO] [BloodAlchemyAndRituals/]: Placed Items: [1 minecraft:cobblestone, 1 minecraft:cobblestone, 1 minecraft:cobblestone, 1 minecraft:paper]
[20Sept2024 22:24:59.074] [Server thread/INFO] [BloodAlchemyAndRituals/]: Ritual Input Items: [1 minecraft:cobblestone, 1 minecraft:cobblestone, 1 minecraft:paper, 0 minecraft:air]
[20Sept2024 22:24:59.074] [Server thread/INFO] [BloodAlchemyAndRituals/]: Placed Items: [1 minecraft:cobblestone, 1 minecraft:paper, 1 minecraft:cobblestone, 1 minecraft:cobblestone]
[20Sept2024 22:24:59.074] [Server thread/INFO] [BloodAlchemyAndRituals/]: Ritual Input Items: [1 minecraft:cobblestone, 1 minecraft:cobblestone, 1 minecraft:paper, 0 minecraft:air]
[20Sept2024 22:24:59.105] [Server thread/INFO] [BloodAlchemyAndRituals/]: Placed Items: [1 minecraft:cobblestone, 1 minecraft:cobblestone, 1 minecraft:cobblestone, 1 minecraft:paper]
[20Sept2024 22:24:59.106] [Server thread/INFO] [BloodAlchemyAndRituals/]: Ritual Input Items: [1 minecraft:cobblestone, 1 minecraft:cobblestone, 1 minecraft:paper, 0 minecraft:air]
[20Sept2024 22:24:59.107] [Server thread/INFO] [BloodAlchemyAndRituals/]: Placed Items: [1 minecraft:cobblestone, 1 minecraft:paper, 1 minecraft:cobblestone, 1 minecraft:cobblestone]
[20Sept2024 22:24:59.107] [Server thread/INFO] [BloodAlchemyAndRituals/]: Ritual Input Items: [1 minecraft:cobblestone, 1 minecraft:cobblestone, 1 minecraft:paper, 0 minecraft:air]
[20Sept2024 22:24:59.147] [Server thread/INFO] [BloodAlchemyAndRituals/]: Placed Items: [1 minecraft:cobblestone, 1 minecraft:cobblestone, 1 minecraft:cobblestone, 1 minecraft:paper]
[20Sept2024 22:24:59.147] [Server thread/INFO] [BloodAlchemyAndRituals/]: Ritual Input Items: [1 minecraft:cobblestone, 1 minecraft:cobblestone, 1 minecraft:paper, 0 minecraft:air]
[20Sept2024 22:24:59.147] [Server thread/INFO] [BloodAlchemyAndRituals/]: Placed Items: [1 minecraft:cobblestone, 1 minecraft:paper, 1 minecraft:cobblestone, 1 minecraft:cobblestone]
[20Sept2024 22:24:59.147] [Server thread/INFO] [BloodAlchemyAndRituals/]: Ritual Input Items: [1 minecraft:cobblestone, 1 minecraft:cobblestone, 1 minecraft:paper, 0 minecraft:air]
[20Sept2024 22:24:59.189] [Server thread/INFO] [BloodAlchemyAndRituals/]: Placed Items: [1 minecraft:cobblestone, 1 minecraft:cobblestone, 1 minecraft:cobblestone, 1 minecraft:paper]
[20Sept2024 22:24:59.190] [Server thread/INFO] [BloodAlchemyAndRituals/]: Ritual Input Items: [1 minecraft:cobblestone, 1 minecraft:cobblestone, 1 minecraft:paper, 0 minecraft:air]
[20Sept2024 22:24:59.190] [Server thread/INFO] [BloodAlchemyAndRituals/]: Placed Items: [1 minecraft:cobblestone, 1 minecraft:paper, 1 minecraft:cobblestone, 1 minecraft:cobblestone]
[20Sept2024 22:24:59.194] [Server thread/INFO] [BloodAlchemyAndRituals/]: Ritual Input Items: [1 minecraft:cobblestone, 1 minecraft:cobblestone, 1 minecraft:paper, 0 minecraft:air]
[20Sept2024 22:24:59.241] [Server thread/INFO] [BloodAlchemyAndRituals/]: Placed Items: [1 minecraft:cobblestone, 1 minecraft:cobblestone, 1 minecraft:cobblestone, 1 minecraft:paper]
[20Sept2024 22:24:59.243] [Server thread/INFO] [BloodAlchemyAndRituals/]: Ritual Input Items: [1 minecraft:cobblestone, 1 minecraft:cobblestone, 1 minecraft:paper, 0 minecraft:air]
[20Sept2024 22:24:59.244] [Server thread/INFO] [BloodAlchemyAndRituals/]: Placed Items: [1 minecraft:cobblestone, 1 minecraft:paper, 1 minecraft:cobblestone, 1 minecraft:cobblestone]
[20Sept2024 22:24:59.244] [Server thread/INFO] [BloodAlchemyAndRituals/]: Ritual Input Items: [1 minecraft:cobblestone, 1 minecraft:cobblestone, 1 minecraft:paper, 0 minecraft:air]
[20Sept2024 22:24:59.285] [Server thread/INFO] [BloodAlchemyAndRituals/]: Placed Items: [1 minecraft:cobblestone, 1 minecraft:cobblestone, 1 minecraft:cobblestone, 1 minecraft:paper]
[20Sept2024 22:24:59.286] [Server thread/INFO] [BloodAlchemyAndRituals/]: Ritual Input Items: [1 minecraft:cobblestone, 1 minecraft:cobblestone, 1 minecraft:paper, 0 minecraft:air]
[20Sept2024 22:24:59.286] [Server thread/INFO] [BloodAlchemyAndRituals/]: Placed Items: [1 minecraft:cobblestone, 1 minecraft:paper, 1 minecraft:cobblestone, 1 minecraft:cobblestone]
[20Sept2024 22:24:59.286] [Server thread/INFO] [BloodAlchemyAndRituals/]: Ritual Input Items: [1 minecraft:cobblestone, 1 minecraft:cobblestone, 1 minecraft:paper, 0 minecraft:air]
[20Sept2024 22:24:59.297] [Server thread/INFO] [net.minecraft.client.server.IntegratedServer/]: Saving and pausing game...
[20Sept2024 22:24:59.775] [Server thread/INFO] [net.minecraft.server.MinecraftServer/]: Saving chunks for level 'ServerLevel[New World]'/minecraft:overworld
[20Sept2024 22:25:00.007] [Server thread/INFO] [net.minecraft.server.MinecraftServer/]: Saving chunks for level 'ServerLevel[New World]'/minecraft:the_end
[20Sept2024 22:25:00.086] [Server thread/INFO] [net.minecraft.server.MinecraftServer/]: Saving chunks for level 'ServerLevel[New World]'/minecraft:the_nether
[20Sept2024 22:25:05.783] [Server thread/INFO] [BloodAlchemyAndRituals/]: Added rituals!
[20Sept2024 22:25:05.784] [Server thread/INFO] [BloodAlchemyAndRituals/]: Rituals added: [1 minecraft:cobblestone, 1 minecraft:cobblestone, 1 minecraft:paper, 0 minecraft:air] -> 1 minecraft:book
[20Sept2024 22:25:05.785] [Server thread/INFO] [BloodAlchemyAndRituals/]: Added rituals!
[20Sept2024 22:25:05.785] [Server thread/INFO] [BloodAlchemyAndRituals/]: Rituals added: [1 minecraft:cobblestone, 1 minecraft:cobblestone, 1 minecraft:paper, 0 minecraft:air] -> 1 minecraft:book
[20Sept2024 22:25:05.815] [Server thread/INFO] [BloodAlchemyAndRituals/]: Added rituals!
[20Sept2024 22:25:05.816] [Server thread/INFO] [BloodAlchemyAndRituals/]: Rituals added: [1 minecraft:cobblestone, 1 minecraft:cobblestone, 1 minecraft:paper, 0 minecraft:air] -> 1 minecraft:book
